02/18/2022 20:11:38.191 [21324] info: nbmecore: ********************************************************************************
02/18/2022 20:11:38.191 [21324] info: nbmecore: nablet MediaEngine Core
02/18/2022 20:11:38.191 [21324] info: nbmecore: Version: 1.4.1993.0 (02/15/2022 00:07:37)
02/18/2022 20:11:38.191 [21324] info: nbmecore: 
02/18/2022 20:11:38.191 [21324] info: nbmecore: Windows Version: 6.02.9200
02/18/2022 20:11:38.191 [21324] info: nbmecore: CPU: AMD Ryzen 5 3600 6-Core Processor              , Active Processors: 12
02/18/2022 20:11:38.191 [21324] info: nbmecore: Host: DESKTOP-UTSC2FA
02/18/2022 20:11:38.191 [21324] info: nbmecore: Application: 'transcode' v2.5.218
02/18/2022 20:11:38.191 [21324] info: nbmecore: 
02/18/2022 20:11:38.191 [21324] info: nbmecore: Date: 02/18/2022 21:11:38.191 [+1:00]
02/18/2022 20:11:38.191 [21324] info: nbmecore: ********************************************************************************
02/18/2022 20:11:38.191 [21324] info: nbmecore: 
02/18/2022 20:11:38.193 [21324] info: nbmecore: ***************************************
02/18/2022 20:11:38.193 [21324] info: nbmecore: TraceSetLevel=0
02/18/2022 20:11:38.193 [21324] info: nbmecore: DebugSetLevel=0
02/18/2022 20:11:38.193 [21324] info: nbmecore: InfoSetLevel=5
02/18/2022 20:11:38.193 [21324] info: nbmecore: WarningSetLevel=0
02/18/2022 20:11:38.193 [21324] info: nbmecore: ***************************************
02/18/2022 20:11:38.194 [21324] info: nbmecore: initializing core library
02/18/2022 20:11:38.224 [21324] error: nbmecore: MediaEngine\src\nbmecore\mesourceresolver.cpp:CMESourceResolver::beginCreateObjectFromURL(777): beginCreateObjectFromURL failed with URL='{
02/18/2022 20:11:38.224 [21324] error: nbmecore: MediaEngine\src\nbmecore\mesourceresolver.cpp:CMESourceResolver::beginCreateObjectFromURL(777): 'url': 'https://bitdash-a.akamaihd.net/content/sintel/hls/playlist.m3u8'
02/18/2022 20:11:38.224 [21324] error: nbmecore: MediaEngine\src\nbmecore\mesourceresolver.cpp:CMESourceResolver::beginCreateObjectFromURL(777): }', err=Scheme Is Not Supported
02/18/2022 20:11:38.224 [21324] debug: mediaEngine: SchnittEngine\src\core\renderitem.cpp:CSERenderItem::loadSource(2325): MEErr = Scheme Is Not Supported
02/18/2022 20:11:38.244 [21324] info: mediaEngine: shutting down mediaEngine instance
02/18/2022 20:11:38.244 [21324] info: nbmecore: closing core library
