02/24/2022 15:47:22.505 [14024] info: nbmecore: ********************************************************************************
02/24/2022 15:47:22.505 [14024] info: nbmecore: nablet MediaEngine Core
02/24/2022 15:47:22.505 [14024] info: nbmecore: Version: 1.4.1993.0 (02/15/2022 00:07:37)
02/24/2022 15:47:22.505 [14024] info: nbmecore: 
02/24/2022 15:47:22.505 [14024] info: nbmecore: Windows Version: 6.02.9200
02/24/2022 15:47:22.505 [14024] info: nbmecore: CPU: AMD Ryzen 5 3600 6-Core Processor              , Active Processors: 12
02/24/2022 15:47:22.505 [14024] info: nbmecore: Host: DESKTOP-UTSC2FA
02/24/2022 15:47:22.505 [14024] info: nbmecore: Application: 'transcode' v2.5.218
02/24/2022 15:47:22.505 [14024] info: nbmecore: 
02/24/2022 15:47:22.505 [14024] info: nbmecore: Date: 02/24/2022 16:47:22.505 [+1:00]
02/24/2022 15:47:22.505 [14024] info: nbmecore: ********************************************************************************
02/24/2022 15:47:22.505 [14024] info: nbmecore: 
02/24/2022 15:47:22.506 [14024] info: nbmecore: ***************************************
02/24/2022 15:47:22.506 [14024] info: nbmecore: TraceSetLevel=0
02/24/2022 15:47:22.506 [14024] info: nbmecore: DebugSetLevel=0
02/24/2022 15:47:22.506 [14024] info: nbmecore: InfoSetLevel=5
02/24/2022 15:47:22.506 [14024] info: nbmecore: WarningSetLevel=0
02/24/2022 15:47:22.506 [14024] info: nbmecore: ***************************************
02/24/2022 15:47:22.506 [14024] info: nbmecore: initializing core library
02/24/2022 15:47:22.546 [14024] info: mediaEngine: last reading position line=188, column=1
02/24/2022 15:47:22.550 [14024] info: mediaEngine: elapsed time for initialization: 00:00:00.000
02/24/2022 15:47:22.551 [14024] info: nbmecore: Class library loaded: nablet AVFormat Demultiplexer
02/24/2022 15:47:25.762 [14024] info: medmxavfmt_plugin: Found audio stream index=0, type=MEAudioFormat_MPEG4AAC
02/24/2022 15:47:25.762 [14024] info: medmxavfmt_plugin: Found video stream index=1, type=MEVideoFormat_H264
02/24/2022 15:47:25.762 [14024] info: medmxavfmt_plugin: Found video stream index=2, type=MEVideoFormat_H264
02/24/2022 15:47:25.762 [14024] info: medmxavfmt_plugin: Found video stream index=3, type=MEVideoFormat_H264
02/24/2022 15:47:25.762 [14024] info: medmxavfmt_plugin: Found video stream index=4, type=MEVideoFormat_H264
02/24/2022 15:47:25.762 [14024] info: medmxavfmt_plugin: Found video stream index=5, type=MEVideoFormat_H264
02/24/2022 15:47:25.762 [14024] info: medmxavfmt_plugin: Found video stream index=6, type=MEVideoFormat_H264
02/24/2022 15:47:25.763 [14024] info: medmxavfmt_plugin: =========
02/24/2022 15:47:25.763 [14024] info: medmxavfmt_plugin: Metadata:
02/24/2022 15:47:25.763 [14024] info: medmxavfmt_plugin: =========
02/24/2022 15:47:25.763 [14024] info: medmxavfmt_plugin: +-----+-------+
02/24/2022 15:47:25.763 [14024] info: medmxavfmt_plugin: | key | Value |
02/24/2022 15:47:25.763 [14024] info: medmxavfmt_plugin: +-----+-------+
02/24/2022 15:47:25.763 [14024] info: medmxavfmt_plugin: 
02/24/2022 15:47:25.763 [14024] info: medmxavfmt_plugin: =====================
02/24/2022 15:47:25.763 [14024] info: medmxavfmt_plugin:  Metadata Stream #0
02/24/2022 15:47:25.763 [14024] info: medmxavfmt_plugin: =====================
02/24/2022 15:47:25.763 [14024] info: medmxavfmt_plugin: +----------+----------------+
02/24/2022 15:47:25.763 [14024] info: medmxavfmt_plugin: | key      | Value          |
02/24/2022 15:47:25.763 [14024] info: medmxavfmt_plugin: +----------+----------------+
02/24/2022 15:47:25.763 [14024] info: medmxavfmt_plugin: | language | en             |
02/24/2022 15:47:25.763 [14024] info: medmxavfmt_plugin: | comment  | English stereo |
02/24/2022 15:47:25.763 [14024] info: medmxavfmt_plugin: +----------+----------------+
02/24/2022 15:47:25.763 [14024] info: medmxavfmt_plugin: 
02/24/2022 15:47:25.763 [14024] info: medmxavfmt_plugin: =====================
02/24/2022 15:47:25.763 [14024] info: medmxavfmt_plugin:  Metadata Stream #1
02/24/2022 15:47:25.763 [14024] info: medmxavfmt_plugin: =====================
02/24/2022 15:47:25.763 [14024] info: medmxavfmt_plugin: +-----------------+--------+
02/24/2022 15:47:25.763 [14024] info: medmxavfmt_plugin: | key             | Value  |
02/24/2022 15:47:25.763 [14024] info: medmxavfmt_plugin: +-----------------+--------+
02/24/2022 15:47:25.763 [14024] info: medmxavfmt_plugin: | variant_bitrate | 628000 |
02/24/2022 15:47:25.763 [14024] info: medmxavfmt_plugin: +-----------------+--------+
02/24/2022 15:47:25.763 [14024] info: medmxavfmt_plugin: 
02/24/2022 15:47:25.763 [14024] info: medmxavfmt_plugin: =====================
02/24/2022 15:47:25.763 [14024] info: medmxavfmt_plugin:  Metadata Stream #2
02/24/2022 15:47:25.763 [14024] info: medmxavfmt_plugin: =====================
02/24/2022 15:47:25.763 [14024] info: medmxavfmt_plugin: +-----------------+--------+
02/24/2022 15:47:25.763 [14024] info: medmxavfmt_plugin: | key             | Value  |
02/24/2022 15:47:25.763 [14024] info: medmxavfmt_plugin: +-----------------+--------+
02/24/2022 15:47:25.763 [14024] info: medmxavfmt_plugin: | variant_bitrate | 928000 |
02/24/2022 15:47:25.763 [14024] info: medmxavfmt_plugin: +-----------------+--------+
02/24/2022 15:47:25.763 [14024] info: medmxavfmt_plugin: 
02/24/2022 15:47:25.763 [14024] info: medmxavfmt_plugin: =====================
02/24/2022 15:47:25.763 [14024] info: medmxavfmt_plugin:  Metadata Stream #3
02/24/2022 15:47:25.763 [14024] info: medmxavfmt_plugin: =====================
02/24/2022 15:47:25.763 [14024] info: medmxavfmt_plugin: +-----------------+---------+
02/24/2022 15:47:25.763 [14024] info: medmxavfmt_plugin: | key             | Value   |
02/24/2022 15:47:25.763 [14024] info: medmxavfmt_plugin: +-----------------+---------+
02/24/2022 15:47:25.763 [14024] info: medmxavfmt_plugin: | variant_bitrate | 1728000 |
02/24/2022 15:47:25.763 [14024] info: medmxavfmt_plugin: +-----------------+---------+
02/24/2022 15:47:25.763 [14024] info: medmxavfmt_plugin: 
02/24/2022 15:47:25.763 [14024] info: medmxavfmt_plugin: =====================
02/24/2022 15:47:25.763 [14024] info: medmxavfmt_plugin:  Metadata Stream #4
02/24/2022 15:47:25.763 [14024] info: medmxavfmt_plugin: =====================
02/24/2022 15:47:25.763 [14024] info: medmxavfmt_plugin: +-----------------+---------+
02/24/2022 15:47:25.763 [14024] info: medmxavfmt_plugin: | key             | Value   |
02/24/2022 15:47:25.763 [14024] info: medmxavfmt_plugin: +-----------------+---------+
02/24/2022 15:47:25.763 [14024] info: medmxavfmt_plugin: | variant_bitrate | 2528000 |
02/24/2022 15:47:25.763 [14024] info: medmxavfmt_plugin: +-----------------+---------+
02/24/2022 15:47:25.763 [14024] info: medmxavfmt_plugin: 
02/24/2022 15:47:25.763 [14024] info: medmxavfmt_plugin: =====================
02/24/2022 15:47:25.763 [14024] info: medmxavfmt_plugin:  Metadata Stream #5
02/24/2022 15:47:25.763 [14024] info: medmxavfmt_plugin: =====================
02/24/2022 15:47:25.763 [14024] info: medmxavfmt_plugin: +-----------------+---------+
02/24/2022 15:47:25.763 [14024] info: medmxavfmt_plugin: | key             | Value   |
02/24/2022 15:47:25.763 [14024] info: medmxavfmt_plugin: +-----------------+---------+
02/24/2022 15:47:25.763 [14024] info: medmxavfmt_plugin: | variant_bitrate | 4928000 |
02/24/2022 15:47:25.763 [14024] info: medmxavfmt_plugin: +-----------------+---------+
02/24/2022 15:47:25.763 [14024] info: medmxavfmt_plugin: 
02/24/2022 15:47:25.763 [14024] info: medmxavfmt_plugin: =====================
02/24/2022 15:47:25.763 [14024] info: medmxavfmt_plugin:  Metadata Stream #6
02/24/2022 15:47:25.763 [14024] info: medmxavfmt_plugin: =====================
02/24/2022 15:47:25.763 [14024] info: medmxavfmt_plugin: +-----------------+---------+
02/24/2022 15:47:25.763 [14024] info: medmxavfmt_plugin: | key             | Value   |
02/24/2022 15:47:25.763 [14024] info: medmxavfmt_plugin: +-----------------+---------+
02/24/2022 15:47:25.763 [14024] info: medmxavfmt_plugin: | variant_bitrate | 9728000 |
02/24/2022 15:47:25.763 [14024] info: medmxavfmt_plugin: +-----------------+---------+
02/24/2022 15:47:25.763 [14024] info: medmxavfmt_plugin: 
02/24/2022 15:47:25.764 [14024] info: nbmecore: ----------------------------------------------------------------------
02/24/2022 15:47:25.764 [14024] info: nbmecore:  Stream #0, id=0 audio index=0 
02/24/2022 15:47:25.764 [14024] info: nbmecore: ----------------------------------------------------------------------
02/24/2022 15:47:25.764 [14024] info: nbmecore: ME_MT_MAJOR_TYPE                 : MEMediaType_Audio
02/24/2022 15:47:25.764 [14024] info: nbmecore: ME_MT_SUBTYPE                    : MEAudioFormat_MPEG4AAC
02/24/2022 15:47:25.764 [14024] info: nbmecore: 
02/24/2022 15:47:25.764 [14024] info: nbmecore: Attributes:
02/24/2022 15:47:25.764 [14024] info: nbmecore: -----------
02/24/2022 15:47:25.764 [14024] info: nbmecore: ME_MT_COMPRESSED                 : true
02/24/2022 15:47:25.764 [14024] info: nbmecore: ME_MT_AAC_PAYLOAD_TYPE           : kMEAACPayloadTypeADTS
02/24/2022 15:47:25.764 [14024] info: nbmecore: ME_MT_AUDIO_NUM_CHANNELS         : 2
02/24/2022 15:47:25.764 [14024] info: nbmecore: ME_MT_AUDIO_SAMPLES_PER_SECOND   : 48000
02/24/2022 15:47:25.764 [14024] info: nbmecore: ME_MT_AVG_BITRATE                : 129 kbit/s
02/24/2022 15:47:25.764 [14024] info: nbmecore: ME_MT_AUDIO_CHANNEL_MASK         : (FL|FR)
02/24/2022 15:47:25.764 [14024] info: nbmecore: ME_MT_USER_DATA                  : present ( 16 byte(s))
02/24/2022 15:47:25.764 [14024] info: nbmecore: ----------------------------------------------------------------------
02/24/2022 15:47:25.764 [14024] info: nbmecore:  Stream #1, id=1 video index=0 
02/24/2022 15:47:25.764 [14024] info: nbmecore: ----------------------------------------------------------------------
02/24/2022 15:47:25.764 [14024] info: nbmecore: ME_MT_MAJOR_TYPE                 : MEMediaType_Video
02/24/2022 15:47:25.764 [14024] info: nbmecore: ME_MT_SUBTYPE                    : MEVideoFormat_H264
02/24/2022 15:47:25.764 [14024] info: nbmecore: 
02/24/2022 15:47:25.764 [14024] info: nbmecore: Attributes:
02/24/2022 15:47:25.764 [14024] info: nbmecore: -----------
02/24/2022 15:47:25.764 [14024] info: nbmecore: ME_MT_COMPRESSED                 : true
02/24/2022 15:47:25.764 [14024] info: nbmecore: ME_MT_FRAME_SIZE                 : 320x180 pixels
02/24/2022 15:47:25.764 [14024] info: nbmecore: ME_MT_FRAME_RATE                 : 25 fps
02/24/2022 15:47:25.764 [14024] info: nbmecore: ME_MT_AVG_BITRATE                : 628 kbit/s
02/24/2022 15:47:25.764 [14024] info: nbmecore: ME_MT_DISPLAY_ASPECT_RATIO       : 16:9
02/24/2022 15:47:25.764 [14024] info: nbmecore: ME_MT_PIXEL_ASPECT_RATIO         : 1:1
02/24/2022 15:47:25.764 [14024] info: nbmecore: ME_MT_VIDEO_CHROMA_SITING        : kMEChromaSubsamplingMPEG2
02/24/2022 15:47:25.764 [14024] info: nbmecore: ----------------------------------------------------------------------
02/24/2022 15:47:25.764 [14024] info: nbmecore:  Stream #2, id=2 video index=1 
02/24/2022 15:47:25.764 [14024] info: nbmecore: ----------------------------------------------------------------------
02/24/2022 15:47:25.764 [14024] info: nbmecore: ME_MT_MAJOR_TYPE                 : MEMediaType_Video
02/24/2022 15:47:25.764 [14024] info: nbmecore: ME_MT_SUBTYPE                    : MEVideoFormat_H264
02/24/2022 15:47:25.764 [14024] info: nbmecore: 
02/24/2022 15:47:25.764 [14024] info: nbmecore: Attributes:
02/24/2022 15:47:25.764 [14024] info: nbmecore: -----------
02/24/2022 15:47:25.764 [14024] info: nbmecore: ME_MT_COMPRESSED                 : true
02/24/2022 15:47:25.764 [14024] info: nbmecore: ME_MT_FRAME_SIZE                 : 480x270 pixels
02/24/2022 15:47:25.764 [14024] info: nbmecore: ME_MT_FRAME_RATE                 : 25 fps
02/24/2022 15:47:25.764 [14024] info: nbmecore: ME_MT_AVG_BITRATE                : 928 kbit/s
02/24/2022 15:47:25.764 [14024] info: nbmecore: ME_MT_DISPLAY_ASPECT_RATIO       : 16:9
02/24/2022 15:47:25.764 [14024] info: nbmecore: ME_MT_PIXEL_ASPECT_RATIO         : 1:1
02/24/2022 15:47:25.764 [14024] info: nbmecore: ME_MT_VIDEO_CHROMA_SITING        : kMEChromaSubsamplingMPEG2
02/24/2022 15:47:25.764 [14024] info: nbmecore: ----------------------------------------------------------------------
02/24/2022 15:47:25.764 [14024] info: nbmecore:  Stream #3, id=3 video index=2 
02/24/2022 15:47:25.764 [14024] info: nbmecore: ----------------------------------------------------------------------
02/24/2022 15:47:25.764 [14024] info: nbmecore: ME_MT_MAJOR_TYPE                 : MEMediaType_Video
02/24/2022 15:47:25.764 [14024] info: nbmecore: ME_MT_SUBTYPE                    : MEVideoFormat_H264
02/24/2022 15:47:25.764 [14024] info: nbmecore: 
02/24/2022 15:47:25.764 [14024] info: nbmecore: Attributes:
02/24/2022 15:47:25.764 [14024] info: nbmecore: -----------
02/24/2022 15:47:25.764 [14024] info: nbmecore: ME_MT_COMPRESSED                 : true
02/24/2022 15:47:25.764 [14024] info: nbmecore: ME_MT_FRAME_SIZE                 : 640x360 pixels
02/24/2022 15:47:25.764 [14024] info: nbmecore: ME_MT_FRAME_RATE                 : 25 fps
02/24/2022 15:47:25.764 [14024] info: nbmecore: ME_MT_AVG_BITRATE                : 1728 kbit/s
02/24/2022 15:47:25.764 [14024] info: nbmecore: ME_MT_DISPLAY_ASPECT_RATIO       : 16:9
02/24/2022 15:47:25.764 [14024] info: nbmecore: ME_MT_PIXEL_ASPECT_RATIO         : 1:1
02/24/2022 15:47:25.764 [14024] info: nbmecore: ME_MT_VIDEO_CHROMA_SITING        : kMEChromaSubsamplingMPEG2
02/24/2022 15:47:25.764 [14024] info: nbmecore: ----------------------------------------------------------------------
02/24/2022 15:47:25.764 [14024] info: nbmecore:  Stream #4, id=4 video index=3 
02/24/2022 15:47:25.764 [14024] info: nbmecore: ----------------------------------------------------------------------
02/24/2022 15:47:25.764 [14024] info: nbmecore: ME_MT_MAJOR_TYPE                 : MEMediaType_Video
02/24/2022 15:47:25.764 [14024] info: nbmecore: ME_MT_SUBTYPE                    : MEVideoFormat_H264
02/24/2022 15:47:25.764 [14024] info: nbmecore: 
02/24/2022 15:47:25.764 [14024] info: nbmecore: Attributes:
02/24/2022 15:47:25.764 [14024] info: nbmecore: -----------
02/24/2022 15:47:25.764 [14024] info: nbmecore: ME_MT_COMPRESSED                 : true
02/24/2022 15:47:25.764 [14024] info: nbmecore: ME_MT_FRAME_SIZE                 : 960x540 pixels
02/24/2022 15:47:25.764 [14024] info: nbmecore: ME_MT_FRAME_RATE                 : 25 fps
02/24/2022 15:47:25.764 [14024] info: nbmecore: ME_MT_AVG_BITRATE                : 2528 kbit/s
02/24/2022 15:47:25.764 [14024] info: nbmecore: ME_MT_DISPLAY_ASPECT_RATIO       : 16:9
02/24/2022 15:47:25.764 [14024] info: nbmecore: ME_MT_PIXEL_ASPECT_RATIO         : 1:1
02/24/2022 15:47:25.764 [14024] info: nbmecore: ME_MT_VIDEO_CHROMA_SITING        : kMEChromaSubsamplingMPEG2
02/24/2022 15:47:25.764 [14024] info: nbmecore: ----------------------------------------------------------------------
02/24/2022 15:47:25.764 [14024] info: nbmecore:  Stream #5, id=5 video index=4 
02/24/2022 15:47:25.764 [14024] info: nbmecore: ----------------------------------------------------------------------
02/24/2022 15:47:25.764 [14024] info: nbmecore: ME_MT_MAJOR_TYPE                 : MEMediaType_Video
02/24/2022 15:47:25.764 [14024] info: nbmecore: ME_MT_SUBTYPE                    : MEVideoFormat_H264
02/24/2022 15:47:25.764 [14024] info: nbmecore: 
02/24/2022 15:47:25.764 [14024] info: nbmecore: Attributes:
02/24/2022 15:47:25.764 [14024] info: nbmecore: -----------
02/24/2022 15:47:25.764 [14024] info: nbmecore: ME_MT_COMPRESSED                 : true
02/24/2022 15:47:25.764 [14024] info: nbmecore: ME_MT_FRAME_SIZE                 : 1280x720 pixels
02/24/2022 15:47:25.764 [14024] info: nbmecore: ME_MT_FRAME_RATE                 : 25 fps
02/24/2022 15:47:25.764 [14024] info: nbmecore: ME_MT_AVG_BITRATE                : 4928 kbit/s
02/24/2022 15:47:25.764 [14024] info: nbmecore: ME_MT_DISPLAY_ASPECT_RATIO       : 16:9
02/24/2022 15:47:25.764 [14024] info: nbmecore: ME_MT_PIXEL_ASPECT_RATIO         : 1:1
02/24/2022 15:47:25.764 [14024] info: nbmecore: ME_MT_VIDEO_CHROMA_SITING        : kMEChromaSubsamplingMPEG2
02/24/2022 15:47:25.764 [14024] info: nbmecore: ----------------------------------------------------------------------
02/24/2022 15:47:25.764 [14024] info: nbmecore:  Stream #6, id=6 video index=5 
02/24/2022 15:47:25.764 [14024] info: nbmecore: ----------------------------------------------------------------------
02/24/2022 15:47:25.764 [14024] info: nbmecore: ME_MT_MAJOR_TYPE                 : MEMediaType_Video
02/24/2022 15:47:25.764 [14024] info: nbmecore: ME_MT_SUBTYPE                    : MEVideoFormat_H264
02/24/2022 15:47:25.764 [14024] info: nbmecore: 
02/24/2022 15:47:25.764 [14024] info: nbmecore: Attributes:
02/24/2022 15:47:25.764 [14024] info: nbmecore: -----------
02/24/2022 15:47:25.764 [14024] info: nbmecore: ME_MT_COMPRESSED                 : true
02/24/2022 15:47:25.764 [14024] info: nbmecore: ME_MT_FRAME_SIZE                 : 1920x1080 pixels
02/24/2022 15:47:25.764 [14024] info: nbmecore: ME_MT_FRAME_RATE                 : 25 fps
02/24/2022 15:47:25.764 [14024] info: nbmecore: ME_MT_AVG_BITRATE                : 9728 kbit/s
02/24/2022 15:47:25.764 [14024] info: nbmecore: ME_MT_DISPLAY_ASPECT_RATIO       : 16:9
02/24/2022 15:47:25.764 [14024] info: nbmecore: ME_MT_PIXEL_ASPECT_RATIO         : 1:1
02/24/2022 15:47:25.764 [14024] info: nbmecore: ME_MT_VIDEO_CHROMA_SITING        : kMEChromaSubsamplingMPEG2
02/24/2022 15:47:25.766 [14024] info: nbmecore: Class library loaded: nablet FFmpeg Audio Decoder
02/24/2022 15:47:25.766 [14024] info: nbmecore: IMESourceReader: using decoder='nablet FFmpeg Audio Decoder' CLSID={46F77948-7396-4040-8922-98DC7C4A266B}
02/24/2022 15:47:25.768 [14024] info: nbmecore: Class library loaded: Intel® Media SDK H.264 Decoder
02/24/2022 15:47:25.768 [14024] info: mfxh264vd_plugin: Intel® Media SDK H.264 Decoder: MSDK implementation requested: MFX_IMPL_HARDWARE_ANY
02/24/2022 15:47:26.143 [14024] info: mfxh264vd_plugin: Intel® Media SDK H.264 Decoder: MSDK implementation obtained:  MFX_IMPL_SOFTWARE, Version: 1.27
02/24/2022 15:47:26.143 [14024] info: nbmecore: IMESourceReader: using decoder='Intel® Media SDK H.264 Decoder' CLSID={0855C9AC-BC6F-4371-8954-671CCD4EC16F}
02/24/2022 15:47:26.144 [14024] info: mfxh264vd_plugin: Intel® Media SDK H.264 Decoder: MSDK implementation requested: MFX_IMPL_HARDWARE_ANY
02/24/2022 15:47:26.518 [14024] info: mfxh264vd_plugin: Intel® Media SDK H.264 Decoder: MSDK implementation obtained:  MFX_IMPL_SOFTWARE, Version: 1.27
02/24/2022 15:47:26.518 [14024] info: nbmecore: IMESourceReader: using decoder='Intel® Media SDK H.264 Decoder' CLSID={0855C9AC-BC6F-4371-8954-671CCD4EC16F}
02/24/2022 15:47:26.518 [14024] info: mfxh264vd_plugin: Intel® Media SDK H.264 Decoder: MSDK implementation requested: MFX_IMPL_HARDWARE_ANY
02/24/2022 15:47:26.888 [14024] info: mfxh264vd_plugin: Intel® Media SDK H.264 Decoder: MSDK implementation obtained:  MFX_IMPL_SOFTWARE, Version: 1.27
02/24/2022 15:47:26.888 [14024] info: nbmecore: IMESourceReader: using decoder='Intel® Media SDK H.264 Decoder' CLSID={0855C9AC-BC6F-4371-8954-671CCD4EC16F}
02/24/2022 15:47:26.888 [14024] info: mfxh264vd_plugin: Intel® Media SDK H.264 Decoder: MSDK implementation requested: MFX_IMPL_HARDWARE_ANY
02/24/2022 15:47:27.236 [14024] info: mfxh264vd_plugin: Intel® Media SDK H.264 Decoder: MSDK implementation obtained:  MFX_IMPL_SOFTWARE, Version: 1.27
02/24/2022 15:47:27.236 [14024] info: nbmecore: IMESourceReader: using decoder='Intel® Media SDK H.264 Decoder' CLSID={0855C9AC-BC6F-4371-8954-671CCD4EC16F}
02/24/2022 15:47:27.237 [14024] info: mfxh264vd_plugin: Intel® Media SDK H.264 Decoder: MSDK implementation requested: MFX_IMPL_HARDWARE_ANY
02/24/2022 15:47:27.604 [14024] info: mfxh264vd_plugin: Intel® Media SDK H.264 Decoder: MSDK implementation obtained:  MFX_IMPL_SOFTWARE, Version: 1.27
02/24/2022 15:47:27.604 [14024] info: nbmecore: IMESourceReader: using decoder='Intel® Media SDK H.264 Decoder' CLSID={0855C9AC-BC6F-4371-8954-671CCD4EC16F}
02/24/2022 15:47:27.604 [14024] info: mfxh264vd_plugin: Intel® Media SDK H.264 Decoder: MSDK implementation requested: MFX_IMPL_HARDWARE_ANY
02/24/2022 15:47:27.958 [14024] info: mfxh264vd_plugin: Intel® Media SDK H.264 Decoder: MSDK implementation obtained:  MFX_IMPL_SOFTWARE, Version: 1.27
02/24/2022 15:47:27.958 [14024] info: nbmecore: IMESourceReader: using decoder='Intel® Media SDK H.264 Decoder' CLSID={0855C9AC-BC6F-4371-8954-671CCD4EC16F}
02/24/2022 15:47:27.959 [14024] info: nbmecore: Class library loaded: Avid DNX Video Encoder
02/24/2022 15:47:27.960 [14024] info: nbmecore: ----------------------------------------------------------------------
02/24/2022 15:47:27.960 [14024] info: nbmecore:  setting video encoder output type 
02/24/2022 15:47:27.960 [14024] info: nbmecore: ----------------------------------------------------------------------
02/24/2022 15:47:27.960 [14024] info: nbmecore: ME_MT_MAJOR_TYPE                 : MEMediaType_Video
02/24/2022 15:47:27.960 [14024] info: nbmecore: ME_MT_SUBTYPE                    : MEVideoFormat_AVDN
02/24/2022 15:47:27.960 [14024] info: nbmecore: 
02/24/2022 15:47:27.960 [14024] info: nbmecore: Attributes:
02/24/2022 15:47:27.960 [14024] info: nbmecore: -----------
02/24/2022 15:47:27.960 [14024] info: nbmecore: ME_MT_COMPRESSED                 : true
02/24/2022 15:47:27.960 [14024] info: nbmecore: ME_MT_FRAME_SIZE                 : 1920x1080 pixels
02/24/2022 15:47:27.960 [14024] info: nbmecore: ME_MT_FRAME_RATE                 : 25 fps
02/24/2022 15:47:27.960 [14024] info: nbmecore: ME_MT_FIELDS_INFO                : progressive scan
02/24/2022 15:47:27.960 [14024] info: nbmecore: ME_MT_PIXEL_ASPECT_RATIO         : 1:1
02/24/2022 15:47:27.960 [14024] info: nbmecore: ME_MT_MINIMUM_DISPLAY_APERTURE   : (0,0,1920,1080)
02/24/2022 15:47:27.963 [14024] info: metvpe_plugin: VPE: initializing AVX library
02/24/2022 15:47:27.963 [14024] info: nbmecore: Class library loaded: nablet Video Processing Engine
02/24/2022 15:47:27.964 [14024] info: nbmecore: ----------------------------------------------------------------------
02/24/2022 15:47:27.964 [14024] info: nbmecore:  setting VPE Output Type 
02/24/2022 15:47:27.964 [14024] info: nbmecore: ----------------------------------------------------------------------
02/24/2022 15:47:27.964 [14024] info: nbmecore: ME_MT_MAJOR_TYPE                 : MEMediaType_Video
02/24/2022 15:47:27.964 [14024] info: nbmecore: ME_MT_SUBTYPE                    : MEVideoFormat_YUY2
02/24/2022 15:47:27.964 [14024] info: nbmecore: 
02/24/2022 15:47:27.964 [14024] info: nbmecore: Attributes:
02/24/2022 15:47:27.964 [14024] info: nbmecore: -----------
02/24/2022 15:47:27.964 [14024] info: nbmecore: ME_MT_FRAME_SIZE                 : 1920x1080 pixels
02/24/2022 15:47:27.964 [14024] info: nbmecore: ME_MT_FRAME_RATE                 : 25 fps
02/24/2022 15:47:27.964 [14024] info: nbmecore: ME_MT_FIELDS_INFO                : progressive scan
02/24/2022 15:47:27.964 [14024] info: nbmecore: ME_MT_PIXEL_ASPECT_RATIO         : 1:1
02/24/2022 15:47:27.964 [14024] info: nbmecore: ME_MT_MINIMUM_DISPLAY_APERTURE   : (0,0,1920,1080)
02/24/2022 15:47:27.964 [14024] info: nbmecore: ME_MT_VIDEO_PRIMARIES            : kMEColorPrimariesBT709
02/24/2022 15:47:27.964 [14024] info: nbmecore: ME_MT_TRANSFER_FUNCTION          : kMETransferFunction709
02/24/2022 15:47:27.964 [14024] info: nbmecore: ME_MT_YUV_MATRIX                 : kMETransferMatrixBT709
02/24/2022 15:47:27.964 [14024] info: nbmecore: ME_MT_VIDEO_NOMINAL_RANGE        : kMENominalRange16_235
02/24/2022 15:47:27.980 [14024] info: metvpe_plugin:  ===============================================================
02/24/2022 15:47:27.980 [14024] info: metvpe_plugin:  VPP(ID=0) Pipeline:
02/24/2022 15:47:27.980 [14024] info: metvpe_plugin:  ===============================================================
02/24/2022 15:47:27.980 [14024] info: metvpe_plugin:  Input=320x192p25(0,0,320,180),'NV12', PAR=1:1
02/24/2022 15:47:27.980 [14024] info: metvpe_plugin:    => Scaler=1920x1080p25(0,0,1920,1080),'YUY2', PAR=1:1, BT.709
02/24/2022 15:47:27.980 [14024] info: metvpe_plugin:  Output=1920x1080p25(0,0,1920,1080),'YUY2', PAR=1:1, BT.709
02/24/2022 15:47:27.980 [14024] info: metvpe_plugin:  ---------------------------------------------------------------
02/24/2022 15:47:27.981 [14024] info: nbmecore: Class library loaded: Intel® IPP Utilities
02/24/2022 15:47:27.989 [14024] error: medmxavfmt_plugin: MediaEngine\plugins\medmxavfmt_plugin\av_stream.cpp:CMEAvStream::start(603): seeking failed
02/24/2022 15:47:27.989 [14024] user: nbmecore: Source connector id=0, active streams=2
02/24/2022 15:47:27.989 [14024] warning: FFMPEG: [hls @ 000001ad9a90b800] maybe the m3u8 list sequence have been wraped.
02/24/2022 15:47:27.989 [14024] info: mediaEngine: state changed: kNBMXFStateRunning
02/24/2022 15:47:33.723 [14024] info: mfxh264vd_plugin: ****************************
02/24/2022 15:47:33.723 [14024] info: mfxh264vd_plugin: Initialized Video Decoder
02/24/2022 15:47:33.723 [14024] info: mfxh264vd_plugin: ****************************
02/24/2022 15:47:33.723 [14024] info: mfxh264vd_plugin: +----------------------------------------------------------------------------+----------------------------------------------------------------------------+
02/24/2022 15:47:33.723 [14024] info: mfxh264vd_plugin: | Original Settings                                                          | New Settings                                                               |
02/24/2022 15:47:33.723 [14024] info: mfxh264vd_plugin: +----------------------------------------------------------------------------+----------------------------------------------------------------------------+
02/24/2022 15:47:33.723 [14024] info: mfxh264vd_plugin: | {                                                                          | {                                                                          |
02/24/2022 15:47:33.723 [14024] info: mfxh264vd_plugin: |   AllocId                            = 0                                   |   AllocId                            = 0                                   |
02/24/2022 15:47:33.723 [14024] info: mfxh264vd_plugin: |   reserved[]                         = {0,0}                               |   reserved[]                         = {0,0}                               |
02/24/2022 15:47:33.723 [14024] info: mfxh264vd_plugin: |   reserved3                          = 0                                   |   reserved3                          = 0                                   |
02/24/2022 15:47:33.723 [14024] info: mfxh264vd_plugin: |   AsyncDepth                         = 4                                   |   AsyncDepth                         = 4                                   |
02/24/2022 15:47:33.723 [14024] info: mfxh264vd_plugin: |   mfx {                                                                    |   mfx {                                                                    |
02/24/2022 15:47:33.723 [14024] info: mfxh264vd_plugin: |     reserved                         = {0,0,0,0,0,0,0}                     |     reserved                         = {0,0,0,0,0,0,0}                     |
02/24/2022 15:47:33.723 [14024] info: mfxh264vd_plugin: |     LowPower                         = 0                                   |     LowPower                         = 0                                   |
02/24/2022 15:47:33.723 [14024] info: mfxh264vd_plugin: |     BRCParamMultiplier               = 0                                   |     BRCParamMultiplier               = 0                                   |
02/24/2022 15:47:33.723 [14024] info: mfxh264vd_plugin: |     FrameInfo {                                                            |     FrameInfo {                                                            |
02/24/2022 15:47:33.723 [14024] info: mfxh264vd_plugin: |       reserved[]                     = {0,0,0,0}                           |       reserved[]                     = {0,0,0,0}                           |
02/24/2022 15:47:33.723 [14024] info: mfxh264vd_plugin: |       reserved4                      = 0                                   |       reserved4                      = 0                                   |
02/24/2022 15:47:33.723 [14024] info: mfxh264vd_plugin: |       BitDepthLuma                   = 0                                   |       BitDepthLuma                   = 0                                   |
02/24/2022 15:47:33.723 [14024] info: mfxh264vd_plugin: |       BitDepthChroma                 = 0                                   |       BitDepthChroma                 = 0                                   |
02/24/2022 15:47:33.723 [14024] info: mfxh264vd_plugin: |       Shift                          = 0                                   |       Shift                          = 0                                   |
02/24/2022 15:47:33.723 [14024] info: mfxh264vd_plugin: |       FrameId {                                                            |       FrameId {                                                            |
02/24/2022 15:47:33.723 [14024] info: mfxh264vd_plugin: |         TemporalId                   = 0                                   |         TemporalId                   = 0                                   |
02/24/2022 15:47:33.723 [14024] info: mfxh264vd_plugin: |         PriorityId                   = 0                                   |         PriorityId                   = 0                                   |
02/24/2022 15:47:33.723 [14024] info: mfxh264vd_plugin: |         DependencyId                 = 0                                   |         DependencyId                 = 0                                   |
02/24/2022 15:47:33.723 [14024] info: mfxh264vd_plugin: |         QualityId                    = 0                                   |         QualityId                    = 0                                   |
02/24/2022 15:47:33.723 [14024] info: mfxh264vd_plugin: |         ViewId                       = 0                                   |         ViewId                       = 0                                   |
02/24/2022 15:47:33.723 [14024] info: mfxh264vd_plugin: |       }                                                                    |       }                                                                    |
02/24/2022 15:47:33.723 [14024] info: mfxh264vd_plugin: |       FourCC                         = 'NV12'(842094158)                   |       FourCC                         = 'NV12'(842094158)                   |
02/24/2022 15:47:33.723 [14024] info: mfxh264vd_plugin: |       Width                          = 320                                 |       Width                          = 320                                 |
02/24/2022 15:47:33.723 [14024] info: mfxh264vd_plugin: |       Height                         = 192                                 |       Height                         = 192                                 |
02/24/2022 15:47:33.723 [14024] info: mfxh264vd_plugin: |       CropX                          = 0                                   |       CropX                          = 0                                   |
02/24/2022 15:47:33.723 [14024] info: mfxh264vd_plugin: |       CropY                          = 0                                   |       CropY                          = 0                                   |
02/24/2022 15:47:33.723 [14024] info: mfxh264vd_plugin: |       CropW                          = 320                                 |       CropW                          = 320                                 |
02/24/2022 15:47:33.723 [14024] info: mfxh264vd_plugin: |       CropH                          = 180                                 |       CropH                          = 180                                 |
02/24/2022 15:47:33.723 [14024] info: mfxh264vd_plugin: |       BufferSize                     = 12583232                            |       BufferSize                     = 12583232                            |
02/24/2022 15:47:33.723 [14024] info: mfxh264vd_plugin: |       reserved5                      = 11796800                            |       reserved5                      = 11796800                            |
02/24/2022 15:47:33.723 [14024] info: mfxh264vd_plugin: |       FrameRateExtN                  = 50                                  |       FrameRateExtN                  = 50                                  |
02/24/2022 15:47:33.723 [14024] info: mfxh264vd_plugin: |       FrameRateExtD                  = 2                                   |       FrameRateExtD                  = 2                                   |
02/24/2022 15:47:33.723 [14024] info: mfxh264vd_plugin: |       reserved3                      = 0                                   |       reserved3                      = 0                                   |
02/24/2022 15:47:33.723 [14024] info: mfxh264vd_plugin: |       AspectRatioW                   = 1                                   |       AspectRatioW                   = 1                                   |
02/24/2022 15:47:33.723 [14024] info: mfxh264vd_plugin: |       AspectRatioH                   = 1                                   |       AspectRatioH                   = 1                                   |
02/24/2022 15:47:33.723 [14024] info: mfxh264vd_plugin: |       PicStruct                      = 1                                   |       PicStruct                      = 1                                   |
02/24/2022 15:47:33.723 [14024] info: mfxh264vd_plugin: |       ChromaFormat                   = 1                                   |       ChromaFormat                   = 1                                   |
02/24/2022 15:47:33.723 [14024] info: mfxh264vd_plugin: |       reserved2                      = 0                                   |       reserved2                      = 0                                   |
02/24/2022 15:47:33.723 [14024] info: mfxh264vd_plugin: |     }                                                                      |     }                                                                      |
02/24/2022 15:47:33.723 [14024] info: mfxh264vd_plugin: |     CodecId                          = 'AVC '(541283905)                   |     CodecId                          = 'AVC '(541283905)                   |
02/24/2022 15:47:33.723 [14024] info: mfxh264vd_plugin: |     CodecProfile                     = 77                                  |     CodecProfile                     = 77                                  |
02/24/2022 15:47:33.723 [14024] info: mfxh264vd_plugin: |     CodecLevel                       = 13                                  |     CodecLevel                       = 13                                  |
02/24/2022 15:47:33.723 [14024] info: mfxh264vd_plugin: |     NumThread                        = 0                                   |     NumThread                        = 4                                   |
02/24/2022 15:47:33.723 [14024] info: mfxh264vd_plugin: |     TargetUsage                      = 0                                   |     TargetUsage                      = 0                                   |
02/24/2022 15:47:33.723 [14024] info: mfxh264vd_plugin: |     GopPicSize                       = 1                                   |     GopPicSize                       = 1                                   |
02/24/2022 15:47:33.723 [14024] info: mfxh264vd_plugin: |     GopRefDist                       = 0                                   |     GopRefDist                       = 0                                   |
02/24/2022 15:47:33.723 [14024] info: mfxh264vd_plugin: |     GopOptFlag                       = 0                                   |     GopOptFlag                       = 0                                   |
02/24/2022 15:47:33.723 [14024] info: mfxh264vd_plugin: |     IdrInterval                      = 5                                   |     IdrInterval                      = 5                                   |
02/24/2022 15:47:33.723 [14024] info: mfxh264vd_plugin: |     RateControlMethod                = 0                                   |     RateControlMethod                = 0                                   |
02/24/2022 15:47:33.723 [14024] info: mfxh264vd_plugin: |     InitialDelayInKB                 = 0                                   |     InitialDelayInKB                 = 0                                   |
02/24/2022 15:47:33.723 [14024] info: mfxh264vd_plugin: |     QPI                              = 0                                   |     QPI                              = 0                                   |
02/24/2022 15:47:33.723 [14024] info: mfxh264vd_plugin: |     Accuracy                         = 0                                   |     Accuracy                         = 0                                   |
02/24/2022 15:47:33.723 [14024] info: mfxh264vd_plugin: |     BufferSizeInKB                   = 0                                   |     BufferSizeInKB                   = 0                                   |
02/24/2022 15:47:33.723 [14024] info: mfxh264vd_plugin: |     TargetKbps                       = 0                                   |     TargetKbps                       = 0                                   |
02/24/2022 15:47:33.723 [14024] info: mfxh264vd_plugin: |     QPP                              = 0                                   |     QPP                              = 0                                   |
02/24/2022 15:47:33.723 [14024] info: mfxh264vd_plugin: |     ICQQuality                       = 0                                   |     ICQQuality                       = 0                                   |
02/24/2022 15:47:33.723 [14024] info: mfxh264vd_plugin: |     MaxKbps                          = 0                                   |     MaxKbps                          = 0                                   |
02/24/2022 15:47:33.723 [14024] info: mfxh264vd_plugin: |     QPB                              = 0                                   |     QPB                              = 0                                   |
02/24/2022 15:47:33.723 [14024] info: mfxh264vd_plugin: |     Convergence                      = 0                                   |     Convergence                      = 0                                   |
02/24/2022 15:47:33.723 [14024] info: mfxh264vd_plugin: |     NumSlice                         = 0                                   |     NumSlice                         = 0                                   |
02/24/2022 15:47:33.723 [14024] info: mfxh264vd_plugin: |     NumRefFrame                      = 0                                   |     NumRefFrame                      = 0                                   |
02/24/2022 15:47:33.723 [14024] info: mfxh264vd_plugin: |     EncodedOrder                     = 0                                   |     EncodedOrder                     = 0                                   |
02/24/2022 15:47:33.723 [14024] info: mfxh264vd_plugin: |     DecodedOrder                     = 0                                   |     DecodedOrder                     = 0                                   |
02/24/2022 15:47:33.723 [14024] info: mfxh264vd_plugin: |     ExtendedPicStruct                = 1                                   |     ExtendedPicStruct                = 1                                   |
02/24/2022 15:47:33.723 [14024] info: mfxh264vd_plugin: |     TimeStampCalc                    = 0                                   |     TimeStampCalc                    = 0                                   |
02/24/2022 15:47:33.723 [14024] info: mfxh264vd_plugin: |     SliceGroupsPresent               = 0                                   |     SliceGroupsPresent               = 0                                   |
02/24/2022 15:47:33.723 [14024] info: mfxh264vd_plugin: |     MaxDecFrameBuffering             = 5                                   |     MaxDecFrameBuffering             = 5                                   |
02/24/2022 15:47:33.723 [14024] info: mfxh264vd_plugin: |     reserved2                        = {0,0,0,0,0,0,0,0}                   |     reserved2                        = {0,0,0,0,0,0,0,0}                   |
02/24/2022 15:47:33.723 [14024] info: mfxh264vd_plugin: |     JPEGChromaFormat                 = 0                                   |     JPEGChromaFormat                 = 0                                   |
02/24/2022 15:47:33.723 [14024] info: mfxh264vd_plugin: |     Rotation                         = 1                                   |     Rotation                         = 1                                   |
02/24/2022 15:47:33.723 [14024] info: mfxh264vd_plugin: |     JPEGColorFormat                  = 0                                   |     JPEGColorFormat                  = 0                                   |
02/24/2022 15:47:33.723 [14024] info: mfxh264vd_plugin: |     InterleavedDec                   = 0                                   |     InterleavedDec                   = 0                                   |
02/24/2022 15:47:33.723 [14024] info: mfxh264vd_plugin: |     reserved3                        = {0,0,0,0,0,0,0,0,0}                 |     reserved3                        = {0,0,0,0,0,0,0,0,0}                 |
02/24/2022 15:47:33.723 [14024] info: mfxh264vd_plugin: |     Interleaved                      = 0                                   |     Interleaved                      = 0                                   |
02/24/2022 15:47:33.723 [14024] info: mfxh264vd_plugin: |     Quality                          = 1                                   |     Quality                          = 1                                   |
02/24/2022 15:47:33.723 [14024] info: mfxh264vd_plugin: |     RestartInterval                  = 0                                   |     RestartInterval                  = 0                                   |
02/24/2022 15:47:33.723 [14024] info: mfxh264vd_plugin: |     reserved5[]                      = {0,5,0,0,0,0,0,0,0,0}               |     reserved5[]                      = {0,5,0,0,0,0,0,0,0,0}               |
02/24/2022 15:47:33.723 [14024] info: mfxh264vd_plugin: |   }                                                                        |   }                                                                        |
02/24/2022 15:47:33.723 [14024] info: mfxh264vd_plugin: |   Protected                          = 0                                   |   Protected                          = 0                                   |
02/24/2022 15:47:33.723 [14024] info: mfxh264vd_plugin: |   IOPattern                          = MFX_IOPATTERN_OUT_SYSTEM_MEMORY(32) |   IOPattern                          = MFX_IOPATTERN_OUT_SYSTEM_MEMORY(32) |
02/24/2022 15:47:33.723 [14024] info: mfxh264vd_plugin: |   ExtParam {                                                               |   ExtParam {                                                               |
02/24/2022 15:47:33.723 [14024] info: mfxh264vd_plugin: |   }                                                                        |   }                                                                        |
02/24/2022 15:47:33.723 [14024] info: mfxh264vd_plugin: |   NumExtParam                        = 0                                   |   NumExtParam                        = 0                                   |
02/24/2022 15:47:33.723 [14024] info: mfxh264vd_plugin: |   reserved2                          = 0                                   |   reserved2                          = 0                                   |
02/24/2022 15:47:33.723 [14024] info: mfxh264vd_plugin: | }                                                                          | }                                                                          |
02/24/2022 15:47:33.723 [14024] info: mfxh264vd_plugin: +----------------------------------------------------------------------------+----------------------------------------------------------------------------+
02/24/2022 15:47:33.723 [14024] info: mfxh264vd_plugin: 
02/24/2022 15:47:33.880 [14024] info: mediaEngine: SourceConnector: first sample arrived at stream=0, PTS=00:00:00.082, discard=0
02/24/2022 15:47:33.986 [14024] info: nbmecore: ----------------------------------------------------------------------
02/24/2022 15:47:33.986 [14024] info: nbmecore:  VPE: New input MediaType (stream id=0): 
02/24/2022 15:47:33.986 [14024] info: nbmecore: ----------------------------------------------------------------------
02/24/2022 15:47:33.986 [14024] info: nbmecore: ME_MT_MAJOR_TYPE                 : MEMediaType_Video
02/24/2022 15:47:33.986 [14024] info: nbmecore: ME_MT_SUBTYPE                    : MEVideoFormat_NV12
02/24/2022 15:47:33.986 [14024] info: nbmecore: 
02/24/2022 15:47:33.986 [14024] info: nbmecore: Attributes:
02/24/2022 15:47:33.986 [14024] info: nbmecore: -----------
02/24/2022 15:47:33.986 [14024] info: nbmecore: ME_MT_ALL_SAMPLES_INDEPENDENT    : true
02/24/2022 15:47:33.986 [14024] info: nbmecore: ME_MT_COMPRESSED                 : false
02/24/2022 15:47:33.986 [14024] info: nbmecore: ME_MT_FRAME_SIZE                 : 320x192 pixels
02/24/2022 15:47:33.986 [14024] info: nbmecore: ME_MT_FRAME_RATE                 : 25 fps
02/24/2022 15:47:33.986 [14024] info: nbmecore: ME_MT_FIELDS_INFO                : progressive scan
02/24/2022 15:47:33.986 [14024] info: nbmecore: ME_MT_PIXEL_ASPECT_RATIO         : 1:1
02/24/2022 15:47:33.986 [14024] info: nbmecore: ME_MT_MINIMUM_DISPLAY_APERTURE   : (0,0,320,180)
02/24/2022 15:47:33.986 [14024] info: nbmecore: ME_MT_VIDEO_NOMINAL_RANGE        : kMENominalRange16_235
02/24/2022 15:47:34.114 [14024] info: mediaEngine: SourceConnector: first sample arrived at stream=1, PTS=00:00:04.120, discard=0
02/24/2022 15:47:34.114 [14024] info: mediaEngine: AudioSyncConnector: setting sync pos at video pos(90kHz)=370800|00:00:04.120 for audio stream index=0
02/24/2022 15:47:34.115 [14024] info: mediaEngine: MXF: first sample has arrived: index=4, PTS(90kHz)=0, Duration(90kHz)=3600, CP=1, FT=0 DC=0
02/24/2022 15:47:34.116 [14024] info: mediaEngine: MXF: first sample has arrived: index=5, PTS(90kHz)=0, Duration(90kHz)=3600, CP=1, FT=0 DC=0
02/24/2022 15:47:34.116 [14024] info: mediaEngine: MXF: first sample has arrived: index=3, PTS(90kHz)=0, Duration(90kHz)=3600, CP=1, FT=0 DC=0
02/24/2022 15:47:34.116 [14024] info: mediaEngine: MXF: first sample has arrived: index=6, PTS(90kHz)=0, Duration(90kHz)=3600, CP=1, FT=0 DC=0
02/24/2022 15:47:34.116 [14024] info: mediaEngine: MXF: first sample has arrived: index=7, PTS(90kHz)=0, Duration(90kHz)=3600, CP=1, FT=0 DC=0
02/24/2022 15:47:34.116 [14024] info: mediaEngine: MXF: first sample has arrived: index=8, PTS(90kHz)=0, Duration(90kHz)=3600, CP=1, FT=0 DC=0
02/24/2022 15:47:34.129 [14024] info: metvpe_plugin:  ===============================================================
02/24/2022 15:47:34.129 [14024] info: metvpe_plugin:  VPP(ID=0) Pipeline:
02/24/2022 15:47:34.129 [14024] info: metvpe_plugin:  ===============================================================
02/24/2022 15:47:34.129 [14024] info: metvpe_plugin:  Input=320x192p25(0,0,320,180),'NV12', PAR=1:1
02/24/2022 15:47:34.129 [14024] info: metvpe_plugin:    => Scaler=1920x1080p25(0,0,1920,1080),'YUY2', PAR=1:1, BT.709
02/24/2022 15:47:34.129 [14024] info: metvpe_plugin:  Output=1920x1080p25(0,0,1920,1080),'YUY2', PAR=1:1, BT.709
02/24/2022 15:47:34.129 [14024] info: metvpe_plugin:  ---------------------------------------------------------------
02/24/2022 15:47:34.145 [14024] info: mediaEngine: AudioSyncConnector(ID=6): syncing audio (-193664 samples) to video PTS(90kHz)=370800|00:00:04.120, audio buffer PTS(90kHz)=13|00:00:00.085
02/24/2022 15:47:34.147 [14024] info: mediaEngine: MXF: first sample has arrived: index=2, PTS(90kHz)=370800, Duration(90kHz)=3600, CP=1, FT=0 DC=0
02/24/2022 15:47:34.147 [14024] info: mediaEngine: MXF: first sample has arrived: index=1, PTS(90kHz)=370800, Duration(90kHz)=3600, CP=1, FT=0 DC=0
02/24/2022 15:47:34.151 [14024] info: meencdnx_plugin: *************************************************
02/24/2022 15:47:34.151 [14024] info: meencdnx_plugin:  DNX Encoder Compressed Settings
02/24/2022 15:47:34.151 [14024] info: meencdnx_plugin: *************************************************
02/24/2022 15:47:34.151 [14024] info: meencdnx_plugin:  width:           0
02/24/2022 15:47:34.151 [14024] info: meencdnx_plugin:  height:          0
02/24/2022 15:47:34.151 [14024] info: meencdnx_plugin:  compressionID:   DNX_LB_1080p_COMPRESSION_ID(1253)
02/24/2022 15:47:34.151 [14024] info: meencdnx_plugin:  colorVolume:     DNX_CV_INVALID(0)
02/24/2022 15:47:34.151 [14024] info: meencdnx_plugin:  colorFormat:     DNX_CF_INVALID(0)
02/24/2022 15:47:34.151 [14024] info: meencdnx_plugin:  subSampling:     DNX_SSC_INVALID(0)
02/24/2022 15:47:34.151 [14024] info: meencdnx_plugin:  depth:           0
02/24/2022 15:47:34.151 [14024] info: meencdnx_plugin:  PARC:            0
02/24/2022 15:47:34.151 [14024] info: meencdnx_plugin:  PARN:            0
02/24/2022 15:47:34.151 [14024] info: meencdnx_plugin:  CRCpresence:     0
02/24/2022 15:47:34.151 [14024] info: meencdnx_plugin:  VBR:             0
02/24/2022 15:47:34.151 [14024] info: meencdnx_plugin:  alphaPresence:   0
02/24/2022 15:47:34.151 [14024] info: meencdnx_plugin:  losslessAlpha:   0
02/24/2022 15:47:34.151 [14024] info: meencdnx_plugin:  premultAlpha:    0
02/24/2022 15:47:34.151 [14024] info: meencdnx_plugin: *************************************************
02/24/2022 15:47:34.151 [14024] info: meencdnx_plugin:  DNX Encoder Uncompressed Settings
02/24/2022 15:47:34.151 [14024] info: meencdnx_plugin: *************************************************
02/24/2022 15:47:34.151 [14024] info: meencdnx_plugin:  compType:             DNX_CT_UCHAR(1)
02/24/2022 15:47:34.151 [14024] info: meencdnx_plugin:  colorVolume:          DNX_CV_709(1)
02/24/2022 15:47:34.151 [14024] info: meencdnx_plugin:  colorFormat:          DNX_CF_YCbCr(1)
02/24/2022 15:47:34.151 [14024] info: meencdnx_plugin:  compOrder:            DNX_CCO_YCbYCr_NoA(1)
02/24/2022 15:47:34.151 [14024] info: meencdnx_plugin:  fieldOrder:           DNX_BFO_Progressive(64)
02/24/2022 15:47:34.151 [14024] info: meencdnx_plugin:  rgt:                  DNX_RGT_Display(1)
02/24/2022 15:47:34.151 [14024] info: meencdnx_plugin:  interFieldGapBytes:   0
02/24/2022 15:47:34.151 [14024] info: meencdnx_plugin:  rowBytes:             3840
02/24/2022 15:47:34.151 [14024] info: meencdnx_plugin:  blackPoint:           0
02/24/2022 15:47:34.151 [14024] info: meencdnx_plugin:  whitePoint:           0
02/24/2022 15:47:34.151 [14024] info: meencdnx_plugin:  chromaExcursion:      0
02/24/2022 15:47:34.151 [14024] info: meencdnx_plugin:  rowBytes2:            0
02/24/2022 15:47:34.181 [14024] info: mediaEngine: MXF: first sample has arrived: index=0, PTS(90kHz)=370800, Duration(90kHz)=3600, CP=1, FT=0 DC=0
02/24/2022 15:47:34.181 [14024] info: mediaEngine: NBMXF: Initialization of DNxHD muxing engine
02/24/2022 15:47:34.184 [14024] info: mediaEngine: MXF: writing first sample with PTS(90kHz)=370800, index=0
02/24/2022 15:47:34.184 [14024] info: mediaEngine: MXF: writing first sample with PTS(90kHz)=0, index=1
02/24/2022 15:47:34.184 [14024] info: mediaEngine: MXF: writing first sample with PTS(90kHz)=0, index=2
02/24/2022 15:47:34.184 [14024] info: mediaEngine: MXF: writing first sample with PTS(90kHz)=0, index=3
02/24/2022 15:47:34.184 [14024] info: mediaEngine: MXF: writing first sample with PTS(90kHz)=0, index=4
02/24/2022 15:47:34.184 [14024] info: mediaEngine: MXF: writing first sample with PTS(90kHz)=0, index=5
02/24/2022 15:47:34.184 [14024] info: mediaEngine: MXF: writing first sample with PTS(90kHz)=0, index=6
02/24/2022 15:47:34.184 [14024] info: mediaEngine: MXF: writing first sample with PTS(90kHz)=0, index=7
02/24/2022 15:47:34.184 [14024] info: mediaEngine: MXF: writing first sample with PTS(90kHz)=0, index=8
02/24/2022 15:47:45.385 [14024] info: mediaEngine: ===============================
02/24/2022 15:47:45.385 [14024] info: mediaEngine: === SECoreStop was called   ===
02/24/2022 15:47:45.385 [14024] info: mediaEngine: ===============================
02/24/2022 15:47:45.429 [14024] info: nbmecore: SourceReader: stream was stopped index=1
02/24/2022 15:47:45.429 [14024] info: nbmecore: SourceReader: stream was stopped index=0
02/24/2022 15:47:45.432 [14024] info: mediaEngine: RenderItemSourceConnector: all streams stopped
02/24/2022 15:47:45.433 [14024] debug: metvpe_plugin: MediaEngine\plugins\metvpe_plugin\metvpe.cpp:CMEVPE::asyncThreadFunc(7971): VPE was drained, workInSurfaces=0
02/24/2022 15:47:45.442 [14024] info: mediaEngine: transcoder has stopped
02/24/2022 15:47:45.476 [14024] info: mediaEngine: ====================================
02/24/2022 15:47:45.476 [14024] info: mediaEngine: Render Item Source Connector (ID=1)
02/24/2022 15:47:45.476 [14024] info: mediaEngine: ====================================
02/24/2022 15:47:45.476 [14024] info: mediaEngine: Output stream=0, sample count=724, total_input_request_count=725
02/24/2022 15:47:45.476 [14024] info: mediaEngine: Output stream=1, sample count=285, total_input_request_count=286
02/24/2022 15:47:45.476 [14024] info: mediaEngine: 
02/24/2022 15:47:45.481 [14024] info: mediaEngine: render time for 285 video frames: 17.499 second(s), FPS=16.3
02/24/2022 15:47:45.481 [14024] user: nbmecore: stats->current_frames_rendered = 285
02/24/2022 15:47:45.481 [14024] user: nbmecore: frame_count = 285
02/24/2022 15:47:45.481 [14024] info: mediaEngine: state changed: kNBMXFStateStopped
02/24/2022 15:47:45.481 [14024] info: medmxavfmt_plugin: ==============================================
02/24/2022 15:47:45.481 [14024] info: medmxavfmt_plugin:  DMX AVFormat Source stats
02/24/2022 15:47:45.481 [14024] info: medmxavfmt_plugin: ==============================================
02/24/2022 15:47:45.481 [14024] info: medmxavfmt_plugin: Stream index=0, type=audio, sample count=769, total samples sent=726
02/24/2022 15:47:45.481 [14024] info: medmxavfmt_plugin: Stream index=1, type=video, sample count=313, total samples sent=293
02/24/2022 15:47:45.481 [14024] info: medmxavfmt_plugin: Stream index=2, type=video, sample count=0, total samples sent=0
02/24/2022 15:47:45.481 [14024] info: medmxavfmt_plugin: Stream index=3, type=video, sample count=0, total samples sent=0
02/24/2022 15:47:45.481 [14024] info: medmxavfmt_plugin: Stream index=4, type=video, sample count=0, total samples sent=0
02/24/2022 15:47:45.481 [14024] info: medmxavfmt_plugin: Stream index=5, type=video, sample count=0, total samples sent=0
02/24/2022 15:47:45.481 [14024] info: medmxavfmt_plugin: Stream index=6, type=video, sample count=0, total samples sent=0
02/24/2022 15:47:45.485 [14024] info: mediaEngine: ============================
02/24/2022 15:47:45.485 [14024] info: mediaEngine: Audio Sync Connector (ID=6)
02/24/2022 15:47:45.485 [14024] info: mediaEngine: ============================
02/24/2022 15:47:45.485 [14024] info: mediaEngine: Input  stream=0, sample count=724, total_input_request_count=725
02/24/2022 15:47:45.485 [14024] info: mediaEngine: Output stream=0, sample count=134, total_input_request_count=135
02/24/2022 15:47:45.485 [14024] info: mediaEngine: Audio samples count=547712, input sample count=535, output sample count=134
02/24/2022 15:47:45.485 [14024] info: mediaEngine: 
02/24/2022 15:47:45.485 [14024] info: mediaEngine: ==================================================================
02/24/2022 15:47:45.485 [14024] info: mediaEngine: Transform Connector (ID=4), Name='nablet Video Processing Engine'
02/24/2022 15:47:45.485 [14024] info: mediaEngine: ==================================================================
02/24/2022 15:47:45.485 [14024] info: mediaEngine: Input  stream=0, sample count=285
02/24/2022 15:47:45.485 [14024] info: mediaEngine: Output stream=0, sample count=285
02/24/2022 15:47:45.485 [14024] info: mediaEngine: 
02/24/2022 15:47:45.485 [14024] info: mediaEngine: ==========================================================
02/24/2022 15:47:45.485 [14024] info: mediaEngine: Transform Connector (ID=3), Name='Avid DNX Video Encoder'
02/24/2022 15:47:45.485 [14024] info: mediaEngine: ==========================================================
02/24/2022 15:47:45.485 [14024] info: mediaEngine: Input  stream=0, sample count=285
02/24/2022 15:47:45.485 [14024] info: mediaEngine: Output stream=0, sample count=285
02/24/2022 15:47:45.485 [14024] info: mediaEngine: 
02/24/2022 15:47:45.485 [14024] info: metvpe_plugin: --------------------------------------------------------------------------------
02/24/2022 15:47:45.485 [14024] info: metvpe_plugin: VPP(ID=0):
02/24/2022 15:47:45.485 [14024] info: metvpe_plugin: ----------
02/24/2022 15:47:45.485 [14024] info: metvpe_plugin: m_iNumberInputSamples                 = 285
02/24/2022 15:47:45.485 [14024] info: metvpe_plugin: m_iNumberOfProcessedInterlacerSamples = 0
02/24/2022 15:47:45.485 [14024] info: metvpe_plugin: m_iNumberRequestedSamples             = 285
02/24/2022 15:47:45.485 [14024] info: metvpe_plugin: m_iNumberOutputSamples                = 285
02/24/2022 15:47:45.485 [14024] info: metvpe_plugin: m_uiDeinterlacerInputSurfaceCount     = 0 (*2 => 0)
02/24/2022 15:47:45.485 [14024] info: metvpe_plugin: m_uiDeinterlacerSurfaceUnlockCount    = 0
02/24/2022 15:47:45.485 [14024] info: metvpe_plugin: m_uiFramerateNewInputFrameCount       = 285
02/24/2022 15:47:45.485 [14024] info: metvpe_plugin: m_uiFramerateInputFrameCount          = 284
02/24/2022 15:47:45.485 [14024] info: metvpe_plugin: m_uiFramerateOutputFrameCount         = 285
02/24/2022 15:47:45.485 [14024] info: metvpe_plugin: m_uiInputSkipFrameCount               = 286
02/24/2022 15:47:45.485 [14024] info: metvpe_plugin: m_uiTotalRepeatedFrames               = 0
02/24/2022 15:47:45.485 [14024] info: metvpe_plugin: --------------------------------------------------------------------------------
02/24/2022 15:47:45.487 [14024] info: mediaEngine: =================================
02/24/2022 15:47:45.487 [14024] info: mediaEngine: Audio Converter Connector (ID=7)
02/24/2022 15:47:45.487 [14024] info: mediaEngine: =================================
02/24/2022 15:47:45.487 [14024] info: mediaEngine: Input  stream=0, sample count=134, total_input_request_count=135, total_audio_samples_count=547712
02/24/2022 15:47:45.487 [14024] info: mediaEngine: Output stream=0, sample count=286, total_input_request_count=287
02/24/2022 15:47:45.487 [14024] info: mediaEngine: Total output samples=547712
02/24/2022 15:47:45.488 [14024] info: mediaEngine: =================================
02/24/2022 15:47:45.488 [14024] info: mediaEngine: Audio Converter Connector (ID=8)
02/24/2022 15:47:45.488 [14024] info: mediaEngine: =================================
02/24/2022 15:47:45.488 [14024] info: mediaEngine: Input  stream=0, sample count=134, total_input_request_count=135, total_audio_samples_count=547712
02/24/2022 15:47:45.488 [14024] info: mediaEngine: Output stream=0, sample count=286, total_input_request_count=287
02/24/2022 15:47:45.488 [14024] info: mediaEngine: Total output samples=547712
02/24/2022 15:47:45.488 [14024] info: mediaEngine: ==================================
02/24/2022 15:47:45.488 [14024] info: mediaEngine: Audio Converter Connector (ID=10)
02/24/2022 15:47:45.488 [14024] info: mediaEngine: ==================================
02/24/2022 15:47:45.488 [14024] info: mediaEngine: Input  stream=0, sample count=182, total_input_request_count=183, total_audio_samples_count=744960
02/24/2022 15:47:45.488 [14024] info: mediaEngine: Output stream=0, sample count=388, total_input_request_count=389
02/24/2022 15:47:45.488 [14024] info: mediaEngine: Total output samples=744960
02/24/2022 15:47:45.488 [14024] info: mediaEngine: ==================================
02/24/2022 15:47:45.488 [14024] info: mediaEngine: Audio Converter Connector (ID=11)
02/24/2022 15:47:45.488 [14024] info: mediaEngine: ==================================
02/24/2022 15:47:45.488 [14024] info: mediaEngine: Input  stream=0, sample count=182, total_input_request_count=183, total_audio_samples_count=744960
02/24/2022 15:47:45.488 [14024] info: mediaEngine: Output stream=0, sample count=388, total_input_request_count=389
02/24/2022 15:47:45.488 [14024] info: mediaEngine: Total output samples=744960
02/24/2022 15:47:45.488 [14024] info: mediaEngine: ==================================
02/24/2022 15:47:45.488 [14024] info: mediaEngine: Audio Converter Connector (ID=12)
02/24/2022 15:47:45.488 [14024] info: mediaEngine: ==================================
02/24/2022 15:47:45.488 [14024] info: mediaEngine: Input  stream=0, sample count=182, total_input_request_count=183, total_audio_samples_count=744960
02/24/2022 15:47:45.488 [14024] info: mediaEngine: Output stream=0, sample count=388, total_input_request_count=389
02/24/2022 15:47:45.488 [14024] info: mediaEngine: Total output samples=744960
02/24/2022 15:47:45.488 [14024] info: mediaEngine: ==================================
02/24/2022 15:47:45.488 [14024] info: mediaEngine: Audio Converter Connector (ID=13)
02/24/2022 15:47:45.488 [14024] info: mediaEngine: ==================================
02/24/2022 15:47:45.488 [14024] info: mediaEngine: Input  stream=0, sample count=182, total_input_request_count=183, total_audio_samples_count=744960
02/24/2022 15:47:45.488 [14024] info: mediaEngine: Output stream=0, sample count=388, total_input_request_count=389
02/24/2022 15:47:45.488 [14024] info: mediaEngine: Total output samples=744960
02/24/2022 15:47:45.488 [14024] info: mediaEngine: ==================================
02/24/2022 15:47:45.488 [14024] info: mediaEngine: Audio Converter Connector (ID=14)
02/24/2022 15:47:45.488 [14024] info: mediaEngine: ==================================
02/24/2022 15:47:45.488 [14024] info: mediaEngine: Input  stream=0, sample count=182, total_input_request_count=183, total_audio_samples_count=744960
02/24/2022 15:47:45.488 [14024] info: mediaEngine: Output stream=0, sample count=388, total_input_request_count=389
02/24/2022 15:47:45.488 [14024] info: mediaEngine: Total output samples=744960
02/24/2022 15:47:45.488 [14024] info: mediaEngine: ==================================
02/24/2022 15:47:45.488 [14024] info: mediaEngine: Audio Converter Connector (ID=15)
02/24/2022 15:47:45.488 [14024] info: mediaEngine: ==================================
02/24/2022 15:47:45.488 [14024] info: mediaEngine: Input  stream=0, sample count=182, total_input_request_count=183, total_audio_samples_count=744960
02/24/2022 15:47:45.488 [14024] info: mediaEngine: Output stream=0, sample count=388, total_input_request_count=389
02/24/2022 15:47:45.488 [14024] info: mediaEngine: Total output samples=744960
02/24/2022 15:47:45.489 [14024] info: mediaEngine: =========================================
02/24/2022 15:47:45.489 [14024] info: mediaEngine: Render Item Sink Connector (Output ID=0)
02/24/2022 15:47:45.489 [14024] info: mediaEngine: =========================================
02/24/2022 15:47:45.489 [14024] info: mediaEngine: Stream index=0, input samples=285, output samples=285
02/24/2022 15:47:45.489 [14024] info: mediaEngine: Stream index=1, input samples=286, output samples=286
02/24/2022 15:47:45.489 [14024] info: mediaEngine: Stream index=2, input samples=286, output samples=286
02/24/2022 15:47:45.489 [14024] info: mediaEngine: Stream index=3, input samples=388, output samples=388
02/24/2022 15:47:45.489 [14024] info: mediaEngine: Stream index=4, input samples=388, output samples=388
02/24/2022 15:47:45.489 [14024] info: mediaEngine: Stream index=5, input samples=388, output samples=388
02/24/2022 15:47:45.489 [14024] info: mediaEngine: Stream index=6, input samples=388, output samples=388
02/24/2022 15:47:45.489 [14024] info: mediaEngine: Stream index=7, input samples=388, output samples=388
02/24/2022 15:47:45.489 [14024] info: mediaEngine: Stream index=8, input samples=388, output samples=388
02/24/2022 15:47:45.489 [14024] info: mediaEngine: NBMXF: roll-out uinits: 0
02/24/2022 15:47:45.489 [14024] info: mediaEngine: NBMXF: closing muxer instance #0
02/24/2022 15:47:45.489 [14024] info: mediaEngine: NBMXF: MXF muxer closing
02/24/2022 15:47:45.511 [14024] info: mediaEngine: CMESinkSplitterNotifierCB::invoke: output ID=0, filename='TestRecordingTask_3.mxf', start=370800(90kHz), end=1396800(90kHz)
02/24/2022 15:47:45.511 [14024] info: mediaEngine: MXFMux: =========================================
02/24/2022 15:47:45.511 [14024] info: mediaEngine: MXFMux: Muxer Stats
02/24/2022 15:47:45.511 [14024] info: mediaEngine: MXFMux: =========================================
02/24/2022 15:47:45.511 [14024] info: mediaEngine: MXFMux: stream index=0, type=video, samples=285
02/24/2022 15:47:45.511 [14024] info: mediaEngine: MXFMux: stream index=1, type=audio, samples=285, audio samples=547200
02/24/2022 15:47:45.511 [14024] info: mediaEngine: MXFMux: stream index=2, type=audio, samples=285, audio samples=547200
02/24/2022 15:47:45.511 [14024] info: mediaEngine: MXFMux: stream index=3, type=audio, samples=285, audio samples=547200
02/24/2022 15:47:45.511 [14024] info: mediaEngine: MXFMux: stream index=4, type=audio, samples=285, audio samples=547200
02/24/2022 15:47:45.511 [14024] info: mediaEngine: MXFMux: stream index=5, type=audio, samples=285, audio samples=547200
02/24/2022 15:47:45.511 [14024] info: mediaEngine: MXFMux: stream index=6, type=audio, samples=285, audio samples=547200
02/24/2022 15:47:45.511 [14024] info: mediaEngine: MXFMux: stream index=7, type=audio, samples=285, audio samples=547200
02/24/2022 15:47:45.511 [14024] info: mediaEngine: MXFMux: stream index=8, type=audio, samples=285, audio samples=547200
02/24/2022 15:47:45.512 [14024] info: mediaEngine: shutting down mediaEngine instance
02/24/2022 15:47:45.513 [14024] info: nbmecore: closing core library
